<?xml version="1.0" encoding="UTF-8"?>
<!-- Generated by org.testng.reporters.JUnitReportReporter -->
<testsuite skipped="0" hostname="pushpa-PC" name="com.create4.execution.MS_anuncmnt_dashb_TS_118" tests="1" failures="0" timestamp="20 Apr 2018 09:19:56 GMT" time="24.873" errors="0">
  <testcase name="CRe4_511_512_514" time="24.873" classname="com.create4.execution.MS_anuncmnt_dashb_TS_118"/>
</testsuite> <!-- com.create4.execution.MS_anuncmnt_dashb_TS_118 -->
