<?xml version="1.0" encoding="UTF-8"?>
<!-- Generated by org.testng.reporters.JUnitReportReporter -->
<testsuite skipped="0" hostname="Rajitha" name="com.create4.execution.Term_docstat_msdcsn_TS_86" tests="1" failures="0" timestamp="02 Apr 2018 18:42:52 GMT" time="335.941" errors="0">
  <testcase name="CRe4_1593_96_98_60" time="335.941" classname="com.create4.execution.Term_docstat_msdcsn_TS_86"/>
</testsuite> <!-- com.create4.execution.Term_docstat_msdcsn_TS_86 -->
