<?xml version="1.0" encoding="UTF-8"?>
<!-- Generated by org.testng.reporters.JUnitReportReporter -->
<testsuite skipped="0" hostname="pushpa-PC" name="com.create4.execution.TS_112_Admin_regreq_dashb" tests="1" failures="0" timestamp="17 Jul 2018 07:27:07 GMT" time="37.305" errors="0">
  <testcase name="CRe4_454_455_456_457_458_459_460" time="37.305" classname="com.create4.execution.TS_112_Admin_regreq_dashb"/>
</testsuite> <!-- com.create4.execution.TS_112_Admin_regreq_dashb -->
