<?xml version="1.0" encoding="UTF-8"?>
<!-- Generated by org.testng.reporters.JUnitReportReporter -->
<testsuite skipped="0" hostname="pushpa-PC" name="com.create4.execution.TS_25_PI_Registration" tests="5" failures="0" timestamp="17 Jul 2018 06:49:21 GMT" time="124.347" errors="0">
  <testcase name="CRe4_48_49_50_51_52_54_55_55_a" time="16.615" classname="com.create4.execution.TS_25_PI_Registration"/>
  <testcase name="Register_CRe4_33_34_35_36" time="23.314" classname="com.create4.execution.TS_25_PI_Registration"/>
  <testcase name="CRe4_37_38_39_40_41_44" time="26.865" classname="com.create4.execution.TS_25_PI_Registration"/>
  <testcase name="RegisterIECadmin_CRe4_45" time="29.029" classname="com.create4.execution.TS_25_PI_Registration"/>
  <testcase name="RegisterIECadmin_CRe4_46_47" time="28.524" classname="com.create4.execution.TS_25_PI_Registration"/>
</testsuite> <!-- com.create4.execution.TS_25_PI_Registration -->
