<?xml version="1.0" encoding="UTF-8"?>
<!-- Generated by org.testng.reporters.JUnitReportReporter -->
<testsuite skipped="0" hostname="pushpa-PC" name="com.create4.execution.CP_anuncmnt_dashb_TS_123" tests="1" failures="0" timestamp="20 Apr 2018 09:19:56 GMT" time="24.620" errors="0">
  <testcase name="CRe4_557_558_559_560_561" time="24.620" classname="com.create4.execution.CP_anuncmnt_dashb_TS_123"/>
</testsuite> <!-- com.create4.execution.CP_anuncmnt_dashb_TS_123 -->
