<?xml version="1.0" encoding="UTF-8"?>
<!-- Generated by org.testng.reporters.JUnitReportReporter -->
<testsuite skipped="0" hostname="pushpa-PC" name="com.create4.execution.TS_09A_External_add" tests="4" failures="0" timestamp="16 Aug 2018 13:34:40 GMT" time="74.862" errors="0">
  <testcase name="CRe4_909" time="22.991" classname="com.create4.execution.TS_09A_External_add"/>
  <testcase name="CRe4_907" time="17.919" classname="com.create4.execution.TS_09A_External_add"/>
  <testcase name="CRe4_906" time="16.560" classname="com.create4.execution.TS_09A_External_add"/>
  <testcase name="CRe4_908" time="17.392" classname="com.create4.execution.TS_09A_External_add"/>
</testsuite> <!-- com.create4.execution.TS_09A_External_add -->
