<?xml version="1.0" encoding="UTF-8"?>
<!-- Generated by org.testng.reporters.JUnitReportReporter -->
<testsuite skipped="0" hostname="pushpa-PC" name="com.create4.execution.Annexures_status_TS_31" tests="2" failures="0" timestamp="17 Apr 2018 09:49:24 GMT" time="38.995" errors="0">
  <testcase name="CRe4_1126" time="20.094" classname="com.create4.execution.Annexures_status_TS_31"/>
  <testcase name="CRe4_1129" time="18.901" classname="com.create4.execution.Annexures_status_TS_31"/>
</testsuite> <!-- com.create4.execution.Annexures_status_TS_31 -->
