<?xml version="1.0" encoding="UTF-8"?>
<!-- Generated by org.testng.reporters.JUnitReportReporter -->
<testsuite skipped="0" hostname="Rajitha" name="com.create4.execution.Doctype_Update_TS_17" tests="9" failures="0" timestamp="09 Mar 2018 15:30:54 GMT" time="518.561" errors="0">
  <testcase name="CRe4_948_949" time="62.198" classname="com.create4.execution.Doctype_Update_TS_17"/>
  <testcase name="CRe4_950_951" time="60.263" classname="com.create4.execution.Doctype_Update_TS_17"/>
  <testcase name="CRe4_952" time="60.977" classname="com.create4.execution.Doctype_Update_TS_17"/>
  <testcase name="CRe4_953" time="53.371" classname="com.create4.execution.Doctype_Update_TS_17"/>
  <testcase name="CRe4_954" time="58.018" classname="com.create4.execution.Doctype_Update_TS_17"/>
  <testcase name="CRe4_955" time="54.345" classname="com.create4.execution.Doctype_Update_TS_17"/>
  <testcase name="CRe4_956" time="50.758" classname="com.create4.execution.Doctype_Update_TS_17"/>
  <testcase name="CRe4_957" time="61.111" classname="com.create4.execution.Doctype_Update_TS_17"/>
  <testcase name="CRe4_958" time="57.520" classname="com.create4.execution.Doctype_Update_TS_17"/>
</testsuite> <!-- com.create4.execution.Doctype_Update_TS_17 -->
