<?xml version="1.0" encoding="UTF-8"?>
<!-- Generated by org.testng.reporters.JUnitReportReporter -->
<testsuite skipped="0" hostname="pushpa-PC" name="com.create4.execution.TS_113_Admin_invitereq_dashb" tests="1" failures="0" timestamp="18 Jul 2018 06:22:55 GMT" time="35.414" errors="0">
  <testcase name="CRe4_462_to_467" time="35.414" classname="com.create4.execution.TS_113_Admin_invitereq_dashb"/>
</testsuite> <!-- com.create4.execution.TS_113_Admin_invitereq_dashb -->
