<?xml version="1.0" encoding="UTF-8"?>
<!-- Generated by org.testng.reporters.JUnitReportReporter -->
<testsuite skipped="0" hostname="pushpa-PC" name="com.create4.execution.TS_01A_Institution_View_Edit_Status" tests="9" failures="0" timestamp="31 Jul 2018 06:41:18 GMT" time="255.338" errors="0">
  <testcase name="CRe4_768" time="24.728" classname="com.create4.execution.TS_01A_Institution_View_Edit_Status"/>
  <testcase name="CRe4_771_772" time="28.801" classname="com.create4.execution.TS_01A_Institution_View_Edit_Status"/>
  <testcase name="CRe4_770" time="33.134" classname="com.create4.execution.TS_01A_Institution_View_Edit_Status"/>
  <testcase name="CRe4_762_763_764_765_766_767_768" time="24.371" classname="com.create4.execution.TS_01A_Institution_View_Edit_Status"/>
  <testcase name="CRe4_774" time="26.014" classname="com.create4.execution.TS_01A_Institution_View_Edit_Status"/>
  <testcase name="CRe4_773" time="42.129" classname="com.create4.execution.TS_01A_Institution_View_Edit_Status"/>
  <testcase name="CRe4_769" time="21.792" classname="com.create4.execution.TS_01A_Institution_View_Edit_Status"/>
  <testcase name="CRe4_777" time="32.077" classname="com.create4.execution.TS_01A_Institution_View_Edit_Status"/>
  <testcase name="CRe4_776" time="22.292" classname="com.create4.execution.TS_01A_Institution_View_Edit_Status"/>
</testsuite> <!-- com.create4.execution.TS_01A_Institution_View_Edit_Status -->
