<?xml version="1.0" encoding="UTF-8"?>
<!-- Generated by org.testng.reporters.JUnitReportReporter -->
<testsuite skipped="0" hostname="pushpa-PC" name="com.create4.execution.TS_15_Qual_Update" tests="2" failures="0" timestamp="16 Aug 2018 13:34:40 GMT" time="35.940" errors="0">
  <testcase name="CRe4_924_925_926" time="18.702" classname="com.create4.execution.TS_15_Qual_Update"/>
  <testcase name="CRe4_927" time="17.238" classname="com.create4.execution.TS_15_Qual_Update"/>
</testsuite> <!-- com.create4.execution.TS_15_Qual_Update -->
