<?xml version="1.0" encoding="UTF-8"?>
<!-- Generated by org.testng.reporters.JUnitReportReporter -->
<testsuite skipped="0" hostname="pushpa-PC" name="com.create4.execution.TS_111_Admin_upcmngmtng_dashb" tests="1" failures="0" timestamp="23 Apr 2018 17:02:31 GMT" time="86.090" errors="0">
  <testcase name="CRe4_449_450_451_452_453_454" time="86.090" classname="com.create4.execution.TS_111_Admin_upcmngmtng_dashb"/>
</testsuite> <!-- com.create4.execution.TS_111_Admin_upcmngmtng_dashb -->
