<?xml version="1.0" encoding="UTF-8"?>
<!-- Generated by org.testng.reporters.JUnitReportReporter -->
<testsuite skipped="0" hostname="pushpa-PC" name="com.create4.execution.TS_137_Othr_profile_update" tests="13" failures="0" timestamp="16 Aug 2018 13:34:40 GMT" time="327.895" errors="0">
  <testcase name="CRe4_713" time="28.925" classname="com.create4.execution.TS_137_Othr_profile_update"/>
  <testcase name="CRe4_714" time="17.925" classname="com.create4.execution.TS_137_Othr_profile_update"/>
  <testcase name="CRe4_708" time="18.079" classname="com.create4.execution.TS_137_Othr_profile_update"/>
  <testcase name="CRe4_721_722" time="19.710" classname="com.create4.execution.TS_137_Othr_profile_update"/>
  <testcase name="CRe4_718" time="18.192" classname="com.create4.execution.TS_137_Othr_profile_update"/>
  <testcase name="CRe4_710" time="20.647" classname="com.create4.execution.TS_137_Othr_profile_update"/>
  <testcase name="CRe4_711_712" time="24.649" classname="com.create4.execution.TS_137_Othr_profile_update"/>
  <testcase name="CRe4_716" time="19.789" classname="com.create4.execution.TS_137_Othr_profile_update"/>
  <testcase name="CRe4_715" time="23.236" classname="com.create4.execution.TS_137_Othr_profile_update"/>
  <testcase name="CRe4_706_707" time="20.755" classname="com.create4.execution.TS_137_Othr_profile_update"/>
  <testcase name="CRe4_717" time="74.640" classname="com.create4.execution.TS_137_Othr_profile_update"/>
  <testcase name="CRe4_724_725_726_727" time="23.134" classname="com.create4.execution.TS_137_Othr_profile_update"/>
  <testcase name="CRe4_709" time="18.214" classname="com.create4.execution.TS_137_Othr_profile_update"/>
</testsuite> <!-- com.create4.execution.TS_137_Othr_profile_update -->
