<?xml version="1.0" encoding="UTF-8"?>
<!-- Generated by org.testng.reporters.JUnitReportReporter -->
<testsuite skipped="0" hostname="pushpa-PC" name="com.create4.execution.TS_18_Doctype_search" tests="10" failures="0" timestamp="16 Aug 2018 13:34:40 GMT" time="166.099" errors="0">
  <testcase name="CRe4_932_933_934_935_936" time="15.424" classname="com.create4.execution.TS_18_Doctype_search"/>
  <testcase name="CRe4_937" time="16.026" classname="com.create4.execution.TS_18_Doctype_search"/>
  <testcase name="CRe4_938" time="16.899" classname="com.create4.execution.TS_18_Doctype_search"/>
  <testcase name="CRe4_939" time="16.752" classname="com.create4.execution.TS_18_Doctype_search"/>
  <testcase name="CRe4_940" time="15.688" classname="com.create4.execution.TS_18_Doctype_search"/>
  <testcase name="CRe4_941" time="16.619" classname="com.create4.execution.TS_18_Doctype_search"/>
  <testcase name="CRe4_942" time="17.753" classname="com.create4.execution.TS_18_Doctype_search"/>
  <testcase name="CRe4_943" time="15.801" classname="com.create4.execution.TS_18_Doctype_search"/>
  <testcase name="CRe4_944" time="17.554" classname="com.create4.execution.TS_18_Doctype_search"/>
  <testcase name="CRe4_945" time="17.583" classname="com.create4.execution.TS_18_Doctype_search"/>
</testsuite> <!-- com.create4.execution.TS_18_Doctype_search -->
