<?xml version="1.0" encoding="UTF-8"?>
<!-- Generated by org.testng.reporters.JUnitReportReporter -->
<testsuite skipped="0" hostname="pushpa-PC" name="com.create4.execution.TS_38_View_Invitee_Requests" tests="1" failures="0" timestamp="18 Jul 2018 06:55:57 GMT" time="35.725" errors="0">
  <testcase name="CRe4_1178_1180_1181_1182_1183_1184_1185" time="35.725" classname="com.create4.execution.TS_38_View_Invitee_Requests"/>
</testsuite> <!-- com.create4.execution.TS_38_View_Invitee_Requests -->
