<?xml version="1.0" encoding="UTF-8"?>
<!-- Generated by org.testng.reporters.JUnitReportReporter -->
<testsuite skipped="0" hostname="pushpa-PC" name="com.create4.execution.TS_65_Emailtemplates" tests="1" failures="0" timestamp="04 Jun 2018 13:05:32 GMT" time="30.661" errors="0">
  <testcase name="CRe4_65" time="30.661" classname="com.create4.execution.TS_65_Emailtemplates"/>
</testsuite> <!-- com.create4.execution.TS_65_Emailtemplates -->
