<?xml version="1.0" encoding="UTF-8"?>
<!-- Generated by org.testng.reporters.JUnitReportReporter -->
<testsuite skipped="0" hostname="pushpa-PC" name="com.create4.execution.Exemptflow_TS_173" tests="3" failures="0" timestamp="20 Apr 2018 05:32:44 GMT" time="481.420" errors="0">
  <testcase name="exempt_exp" time="160.188" classname="com.create4.execution.Exemptflow_TS_173"/>
  <testcase name="exempt_LOP" time="143.025" classname="com.create4.execution.Exemptflow_TS_173"/>
  <testcase name="exempt_fb" time="178.207" classname="com.create4.execution.Exemptflow_TS_173"/>
</testsuite> <!-- com.create4.execution.Exemptflow_TS_173 -->
