<?xml version="1.0" encoding="UTF-8"?>
<!-- Generated by org.testng.reporters.JUnitReportReporter -->
<testsuite skipped="0" hostname="pushpa-PC" name="com.create4.execution.TS_21_Mem_search" tests="5" failures="0" timestamp="16 Aug 2018 13:34:40 GMT" time="82.125" errors="0">
  <testcase name="CRe4_970_971_972_973_977" time="18.766" classname="com.create4.execution.TS_21_Mem_search"/>
  <testcase name="CRe4_974" time="16.614" classname="com.create4.execution.TS_21_Mem_search"/>
  <testcase name="CRe4_975" time="15.814" classname="com.create4.execution.TS_21_Mem_search"/>
  <testcase name="CRe4_976" time="14.971" classname="com.create4.execution.TS_21_Mem_search"/>
  <testcase name="CRe4_978" time="15.960" classname="com.create4.execution.TS_21_Mem_search"/>
</testsuite> <!-- com.create4.execution.TS_21_Mem_search -->
