<?xml version="1.0" encoding="UTF-8"?>
<!-- Generated by org.testng.reporters.JUnitReportReporter -->
<testsuite skipped="0" hostname="Rajitha" name="com.create4.execution.Termexp_prjctstatus4_msdcsn_TS_56" tests="4" failures="0" timestamp="02 Apr 2018 18:42:53 GMT" time="1380.910" errors="0">
  <testcase name="CRe4_1601" time="348.963" classname="com.create4.execution.Termexp_prjctstatus4_msdcsn_TS_56"/>
  <testcase name="CRe4_1606" time="338.212" classname="com.create4.execution.Termexp_prjctstatus4_msdcsn_TS_56"/>
  <testcase name="CRe4_1616" time="348.712" classname="com.create4.execution.Termexp_prjctstatus4_msdcsn_TS_56"/>
  <testcase name="CRe4_1611" time="345.023" classname="com.create4.execution.Termexp_prjctstatus4_msdcsn_TS_56"/>
</testsuite> <!-- com.create4.execution.Termexp_prjctstatus4_msdcsn_TS_56 -->
