<?xml version="1.0" encoding="UTF-8"?>
<!-- Generated by org.testng.reporters.JUnitReportReporter -->
<testsuite skipped="0" hostname="Rajitha" name="com.create4.execution.Dept_Update_TS_13A" tests="1" failures="0" timestamp="09 Mar 2018 15:30:54 GMT" time="49.816" errors="0">
  <testcase name="CRe4_913_CRe4_910_CRe4_914_CRe4_916" time="49.816" classname="com.create4.execution.Dept_Update_TS_13A"/>
</testsuite> <!-- com.create4.execution.Dept_Update_TS_13A -->
