<?xml version="1.0" encoding="UTF-8"?>
<!-- Generated by org.testng.reporters.JUnitReportReporter -->
<testsuite skipped="0" hostname="pushpa-PC" name="com.create4.execution.TS_13A_Dept_Update" tests="1" failures="0" timestamp="16 Aug 2018 13:34:40 GMT" time="15.363" errors="0">
  <testcase name="CRe4_913_CRe4_910_CRe4_914_CRe4_916" time="15.363" classname="com.create4.execution.TS_13A_Dept_Update"/>
</testsuite> <!-- com.create4.execution.TS_13A_Dept_Update -->
