<?xml version="1.0" encoding="UTF-8"?>
<!-- Generated by org.testng.reporters.JUnitReportReporter -->
<testsuite skipped="0" hostname="pushpa-PC" name="com.create4.execution.TS_107_PI_prjctnotif_dashb" tests="1" failures="0" timestamp="23 Apr 2018 17:02:31 GMT" time="289.098" errors="0">
  <testcase name="CRe4_405_406_407" time="289.098" classname="com.create4.execution.TS_107_PI_prjctnotif_dashb"/>
</testsuite> <!-- com.create4.execution.TS_107_PI_prjctnotif_dashb -->
