<?xml version="1.0" encoding="UTF-8"?>
<!-- Generated by org.testng.reporters.JUnitReportReporter -->
<testsuite skipped="0" hostname="pushpa-PC" name="com.create4.execution.Prjcttype_chnge_TS_149" tests="3" failures="0" timestamp="17 Apr 2018 09:49:24 GMT" time="200.380" errors="0">
  <testcase name="CRe4_2074_2075_2076" time="76.545" classname="com.create4.execution.Prjcttype_chnge_TS_149"/>
  <testcase name="CRe4_2029" time="43.703" classname="com.create4.execution.Prjcttype_chnge_TS_149"/>
  <testcase name="CRe4_2030_2034_2035" time="80.132" classname="com.create4.execution.Prjcttype_chnge_TS_149"/>
</testsuite> <!-- com.create4.execution.Prjcttype_chnge_TS_149 -->
