<?xml version="1.0" encoding="UTF-8"?>
<!-- Generated by org.testng.reporters.JUnitReportReporter -->
<testsuite skipped="0" hostname="pushpa-PC" name="com.create4.execution.MS_upcmngmtng_dashb_TS_117" tests="1" failures="0" timestamp="20 Apr 2018 09:19:56 GMT" time="80.779" errors="0">
  <testcase name="CRe4_506_to_510" time="80.779" classname="com.create4.execution.MS_upcmngmtng_dashb_TS_117"/>
</testsuite> <!-- com.create4.execution.MS_upcmngmtng_dashb_TS_117 -->
