<?xml version="1.0" encoding="UTF-8"?>
<!-- Generated by org.testng.reporters.JUnitReportReporter -->
<testsuite skipped="0" hostname="pushpa-PC" name="com.create4.execution.CP_upcmngmtng_dashb_TS_122" tests="1" failures="0" timestamp="20 Apr 2018 09:19:56 GMT" time="98.624" errors="0">
  <testcase name="CRe4_552_553_554_555_556" time="98.624" classname="com.create4.execution.CP_upcmngmtng_dashb_TS_122"/>
</testsuite> <!-- com.create4.execution.CP_upcmngmtng_dashb_TS_122 -->
