<?xml version="1.0" encoding="UTF-8"?>
<!-- Generated by org.testng.reporters.JUnitReportReporter -->
<testsuite skipped="0" hostname="Rajitha" name="com.create4.execution.Saeothr_docstat_msdcsn_TS_89" tests="1" failures="0" timestamp="02 Apr 2018 18:42:53 GMT" time="347.575" errors="0">
  <testcase name="CRe4_1820_23_25_27" time="347.575" classname="com.create4.execution.Saeothr_docstat_msdcsn_TS_89"/>
</testsuite> <!-- com.create4.execution.Saeothr_docstat_msdcsn_TS_89 -->
