<?xml version="1.0" encoding="UTF-8"?>
<!-- Generated by org.testng.reporters.JUnitReportReporter -->
<testsuite skipped="0" hostname="pushpa-PC" name="com.create4.execution.TS_03_Institute_update_in_Admin" tests="7" failures="0" timestamp="18 Jul 2018 13:55:55 GMT" time="370.523" errors="0">
  <testcase name="CRe4_847" time="14.008" classname="com.create4.execution.TS_03_Institute_update_in_Admin"/>
  <testcase name="CRe4_850" time="25.657" classname="com.create4.execution.TS_03_Institute_update_in_Admin"/>
  <testcase name="CRe4_849" time="16.330" classname="com.create4.execution.TS_03_Institute_update_in_Admin"/>
  <testcase name="CRe4_846" time="46.250" classname="com.create4.execution.TS_03_Institute_update_in_Admin"/>
  <testcase name="CRe4_853" time="31.475" classname="com.create4.execution.TS_03_Institute_update_in_Admin"/>
  <testcase name="CRe4_848" time="195.230" classname="com.create4.execution.TS_03_Institute_update_in_Admin"/>
  <testcase name="CRe4_851_852" time="41.573" classname="com.create4.execution.TS_03_Institute_update_in_Admin"/>
</testsuite> <!-- com.create4.execution.TS_03_Institute_update_in_Admin -->
