<?xml version="1.0" encoding="UTF-8"?>
<!-- Generated by org.testng.reporters.JUnitReportReporter -->
<testsuite skipped="0" hostname="pushpa-PC" name="com.create4.execution.TS_02B_Login_Page_in_Institute_Home_Page" tests="4" failures="0" timestamp="31 Jul 2018 10:28:47 GMT" time="64.379" errors="0">
  <testcase name="CRe4_108" time="14.158" classname="com.create4.execution.TS_02B_Login_Page_in_Institute_Home_Page"/>
  <testcase name="CRe4_103_104_109" time="23.327" classname="com.create4.execution.TS_02B_Login_Page_in_Institute_Home_Page"/>
  <testcase name="CRe4_111" time="9.034" classname="com.create4.execution.TS_02B_Login_Page_in_Institute_Home_Page"/>
  <testcase name="CRe4_101_102" time="17.860" classname="com.create4.execution.TS_02B_Login_Page_in_Institute_Home_Page"/>
</testsuite> <!-- com.create4.execution.TS_02B_Login_Page_in_Institute_Home_Page -->
