<?xml version="1.0" encoding="UTF-8"?>
<!-- Generated by org.testng.reporters.JUnitReportReporter -->
<testsuite skipped="0" hostname="pushpa-PC" name="com.create4.execution.Forgot_Password_in_Inst_Home_Page_TS_02C" tests="1" failures="0" timestamp="18 Apr 2018 15:21:22 GMT" time="104.654" errors="0">
  <testcase name="CRe4_112_to_124" time="104.654" classname="com.create4.execution.Forgot_Password_in_Inst_Home_Page_TS_02C"/>
</testsuite> <!-- com.create4.execution.Forgot_Password_in_Inst_Home_Page_TS_02C -->
