<?xml version="1.0" encoding="UTF-8"?>
<!-- Generated by org.testng.reporters.JUnitReportReporter -->
<testsuite skipped="0" hostname="pushpa-PC" name="com.create4.execution.Onesubsequent_msletter_TS_168" tests="1" failures="0" timestamp="20 Apr 2018 05:32:44 GMT" time="504.537" errors="0">
  <testcase name="CRe4168" time="504.537" classname="com.create4.execution.Onesubsequent_msletter_TS_168"/>
</testsuite> <!-- com.create4.execution.Onesubsequent_msletter_TS_168 -->
