<?xml version="1.0" encoding="UTF-8"?>
<!-- Generated by org.testng.reporters.JUnitReportReporter -->
<testsuite skipped="0" hostname="pushpa-PC" name="com.create4.execution.TS_02_Home_Page_Details" tests="6" failures="0" timestamp="31 Jul 2018 07:06:34 GMT" time="139.231" errors="0">
  <testcase name="CRe4_04" time="28.938" classname="com.create4.execution.TS_02_Home_Page_Details"/>
  <testcase name="CRe4_09" time="23.093" classname="com.create4.execution.TS_02_Home_Page_Details"/>
  <testcase name="CRe4_06" time="32.061" classname="com.create4.execution.TS_02_Home_Page_Details"/>
  <testcase name="CRe4_05" time="26.339" classname="com.create4.execution.TS_02_Home_Page_Details"/>
  <testcase name="CRe4_10" time="8.549" classname="com.create4.execution.TS_02_Home_Page_Details"/>
  <testcase name="CRe4_01_02_03_08_10_11" time="20.251" classname="com.create4.execution.TS_02_Home_Page_Details"/>
</testsuite> <!-- com.create4.execution.TS_02_Home_Page_Details -->
