<?xml version="1.0" encoding="UTF-8"?>
<!-- Generated by org.testng.reporters.JUnitReportReporter -->
<testsuite skipped="0" hostname="pushpa-PC" name="com.create4.execution.TS_29_PI_profile" tests="4" failures="0" timestamp="17 Jul 2018 07:55:50 GMT" time="80.809" errors="0">
  <testcase name="CRe4_97_98" time="16.489" classname="com.create4.execution.TS_29_PI_profile"/>
  <testcase name="CRe4_99" time="28.215" classname="com.create4.execution.TS_29_PI_profile"/>
  <testcase name="CRe4_96" time="16.102" classname="com.create4.execution.TS_29_PI_profile"/>
  <testcase name="CRe4_95" time="20.003" classname="com.create4.execution.TS_29_PI_profile"/>
</testsuite> <!-- com.create4.execution.TS_29_PI_profile -->
