<?xml version="1.0" encoding="UTF-8"?>
<!-- Generated by org.testng.reporters.JUnitReportReporter -->
<testsuite skipped="0" hostname="pushpa-PC" name="com.create4.execution.Prjct_docsform_submit_TS_148" tests="8" failures="0" timestamp="17 Apr 2018 09:49:24 GMT" time="378.152" errors="0">
  <testcase name="CRe4_2040" time="58.019" classname="com.create4.execution.Prjct_docsform_submit_TS_148"/>
  <testcase name="CRe4_2026" time="59.957" classname="com.create4.execution.Prjct_docsform_submit_TS_148"/>
  <testcase name="CRe4_2015" time="14.195" classname="com.create4.execution.Prjct_docsform_submit_TS_148"/>
  <testcase name="CRe4_2039" time="39.669" classname="com.create4.execution.Prjct_docsform_submit_TS_148"/>
  <testcase name="CRe4_2043" time="37.094" classname="com.create4.execution.Prjct_docsform_submit_TS_148"/>
  <testcase name="CRe4_2041" time="57.947" classname="com.create4.execution.Prjct_docsform_submit_TS_148"/>
  <testcase name="CRe4_2027" time="76.950" classname="com.create4.execution.Prjct_docsform_submit_TS_148"/>
  <testcase name="CRe4_2042" time="34.321" classname="com.create4.execution.Prjct_docsform_submit_TS_148"/>
</testsuite> <!-- com.create4.execution.Prjct_docsform_submit_TS_148 -->
