<?xml version="1.0" encoding="UTF-8"?>
<!-- Generated by org.testng.reporters.JUnitReportReporter -->
<testsuite skipped="0" hostname="Rajitha" name="com.create4.execution.Devexp_prjctstatus4_msdcsn_TS_53" tests="5" failures="0" timestamp="02 Apr 2018 18:42:53 GMT" time="1702.743" errors="0">
  <testcase name="CRe4_1389" time="340.111" classname="com.create4.execution.Devexp_prjctstatus4_msdcsn_TS_53"/>
  <testcase name="CRe4_1404" time="335.892" classname="com.create4.execution.Devexp_prjctstatus4_msdcsn_TS_53"/>
  <testcase name="CRe4_1394" time="342.798" classname="com.create4.execution.Devexp_prjctstatus4_msdcsn_TS_53"/>
  <testcase name="CRe4_1409" time="344.294" classname="com.create4.execution.Devexp_prjctstatus4_msdcsn_TS_53"/>
  <testcase name="CRe4_1399" time="339.648" classname="com.create4.execution.Devexp_prjctstatus4_msdcsn_TS_53"/>
</testsuite> <!-- com.create4.execution.Devexp_prjctstatus4_msdcsn_TS_53 -->
