<?xml version="1.0" encoding="UTF-8"?>
<!-- Generated by org.testng.reporters.JUnitReportReporter -->
<testsuite skipped="0" hostname="pushpa-PC" name="com.create4.execution.TS_128_Allrole_menus" tests="5" failures="0" timestamp="17 Jul 2018 07:35:18 GMT" time="78.109" errors="0">
  <testcase name="CRe4_600_601" time="18.425" classname="com.create4.execution.TS_128_Allrole_menus"/>
  <testcase name="CRe4_602_603_604_605" time="14.645" classname="com.create4.execution.TS_128_Allrole_menus"/>
  <testcase name="CRe4_606_607" time="18.208" classname="com.create4.execution.TS_128_Allrole_menus"/>
  <testcase name="CRe4_598_99" time="13.632" classname="com.create4.execution.TS_128_Allrole_menus"/>
  <testcase name="CRe4_596_597" time="13.199" classname="com.create4.execution.TS_128_Allrole_menus"/>
</testsuite> <!-- com.create4.execution.TS_128_Allrole_menus -->
