<?xml version="1.0" encoding="UTF-8"?>
<!-- Generated by org.testng.reporters.JUnitReportReporter -->
<testsuite skipped="0" hostname="pushpa-PC" name="com.create4.execution.PI_anuncmnt_dashb_TS_108" tests="1" failures="0" timestamp="20 Apr 2018 09:19:56 GMT" time="36.608" errors="0">
  <testcase name="CRe4_408_409_410_411_412" time="36.608" classname="com.create4.execution.PI_anuncmnt_dashb_TS_108"/>
</testsuite> <!-- com.create4.execution.PI_anuncmnt_dashb_TS_108 -->
