<?xml version="1.0" encoding="UTF-8"?>
<!-- Generated by org.testng.reporters.JUnitReportReporter -->
<testsuite skipped="0" hostname="pushpa-PC" name="com.create4.execution.Annexures_view_TS_32" tests="4" failures="0" timestamp="17 Apr 2018 09:49:24 GMT" time="69.582" errors="0">
  <testcase name="CRe4_1123" time="17.529" classname="com.create4.execution.Annexures_view_TS_32"/>
  <testcase name="CRe4_1125" time="18.647" classname="com.create4.execution.Annexures_view_TS_32"/>
  <testcase name="CRe4_1124" time="17.662" classname="com.create4.execution.Annexures_view_TS_32"/>
  <testcase name="CRe4_1109" time="15.744" classname="com.create4.execution.Annexures_view_TS_32"/>
</testsuite> <!-- com.create4.execution.Annexures_view_TS_32 -->
