<?xml version="1.0" encoding="UTF-8"?>
<!-- Generated by org.testng.reporters.JUnitReportReporter -->
<testsuite skipped="0" hostname="Rajitha" name="com.create4.execution.Mem_search_TS_21" tests="5" failures="0" timestamp="09 Mar 2018 15:30:54 GMT" time="206.842" errors="0">
  <testcase name="CRe4_970_971_972_973_977" time="50.599" classname="com.create4.execution.Mem_search_TS_21"/>
  <testcase name="CRe4_974" time="38.241" classname="com.create4.execution.Mem_search_TS_21"/>
  <testcase name="CRe4_975" time="38.048" classname="com.create4.execution.Mem_search_TS_21"/>
  <testcase name="CRe4_976" time="40.159" classname="com.create4.execution.Mem_search_TS_21"/>
  <testcase name="CRe4_978" time="39.795" classname="com.create4.execution.Mem_search_TS_21"/>
</testsuite> <!-- com.create4.execution.Mem_search_TS_21 -->
