<?xml version="1.0" encoding="UTF-8"?>
<!-- Generated by org.testng.reporters.JUnitReportReporter -->
<testsuite skipped="0" hostname="pushpa-PC" name="com.create4.execution.TS_02C_Forgot_Password_in_Inst_Home_Page" tests="1" failures="0" timestamp="17 Jul 2018 05:46:38 GMT" time="140.866" errors="0">
  <testcase name="CRe4_112_to_124" time="140.866" classname="com.create4.execution.TS_02C_Forgot_Password_in_Inst_Home_Page"/>
</testsuite> <!-- com.create4.execution.TS_02C_Forgot_Password_in_Inst_Home_Page -->
