<?xml version="1.0" encoding="UTF-8"?>
<!-- Generated by org.testng.reporters.JUnitReportReporter -->
<testsuite skipped="0" hostname="pushpa-PC" name="com.create4.execution.Investigator_mail_TS_139" tests="1" failures="0" timestamp="18 Apr 2018 15:21:22 GMT" time="168.324" errors="0">
  <testcase name="CRe4_138" time="168.324" classname="com.create4.execution.Investigator_mail_TS_139"/>
</testsuite> <!-- com.create4.execution.Investigator_mail_TS_139 -->
