<?xml version="1.0" encoding="UTF-8"?>
<!-- Generated by org.testng.reporters.JUnitReportReporter -->
<testsuite skipped="0" hostname="Rajitha" name="com.create4.execution.Withexp_prjctstatus4_msdcsn_TS_51" tests="7" failures="0" timestamp="02 Apr 2018 18:42:53 GMT" time="1551.426" errors="0">
  <testcase name="CRe4_1241" time="245.350" classname="com.create4.execution.Withexp_prjctstatus4_msdcsn_TS_51"/>
  <testcase name="CRe4_1246" time="224.693" classname="com.create4.execution.Withexp_prjctstatus4_msdcsn_TS_51"/>
  <testcase name="CRe4_1231" time="222.700" classname="com.create4.execution.Withexp_prjctstatus4_msdcsn_TS_51"/>
  <testcase name="CRe4_1251" time="218.892" classname="com.create4.execution.Withexp_prjctstatus4_msdcsn_TS_51"/>
  <testcase name="CRe4_1226" time="214.014" classname="com.create4.execution.Withexp_prjctstatus4_msdcsn_TS_51"/>
  <testcase name="CRe4_1236" time="212.938" classname="com.create4.execution.Withexp_prjctstatus4_msdcsn_TS_51"/>
  <testcase name="CRe4_1221" time="212.839" classname="com.create4.execution.Withexp_prjctstatus4_msdcsn_TS_51"/>
</testsuite> <!-- com.create4.execution.Withexp_prjctstatus4_msdcsn_TS_51 -->
