<?xml version="1.0" encoding="UTF-8"?>
<!-- Generated by org.testng.reporters.JUnitReportReporter -->
<testsuite skipped="0" hostname="pushpa-PC" name="com.create4.execution.Cont_queryreply_TS_180" tests="8" failures="0" timestamp="17 Apr 2018 20:24:57 GMT" time="4095.124" errors="0">
  <testcase name="CRe4_1501_1502_1503" time="504.959" classname="com.create4.execution.Cont_queryreply_TS_180"/>
  <testcase name="CRe4_1481_1482_1483" time="561.993" classname="com.create4.execution.Cont_queryreply_TS_180"/>
  <testcase name="CRe4_1466_1467_1468" time="523.433" classname="com.create4.execution.Cont_queryreply_TS_180"/>
  <testcase name="CRe4_1491_1492_1493" time="516.863" classname="com.create4.execution.Cont_queryreply_TS_180"/>
  <testcase name="CRe4_1506_1507_1508" time="507.453" classname="com.create4.execution.Cont_queryreply_TS_180"/>
  <testcase name="CRe4_1476_1477_1478" time="491.861" classname="com.create4.execution.Cont_queryreply_TS_180"/>
  <testcase name="CRe4_1496_1497_1498" time="492.521" classname="com.create4.execution.Cont_queryreply_TS_180"/>
  <testcase name="CRe4_1486_1487_1488" time="496.041" classname="com.create4.execution.Cont_queryreply_TS_180"/>
</testsuite> <!-- com.create4.execution.Cont_queryreply_TS_180 -->
