<?xml version="1.0" encoding="UTF-8"?>
<!-- Generated by org.testng.reporters.JUnitReportReporter -->
<testsuite skipped="0" hostname="pushpa-PC" name="com.create4.execution.Admin_anuncmnt_dashb_TS_114" tests="1" failures="0" timestamp="20 Apr 2018 09:19:56 GMT" time="24.620" errors="0">
  <testcase name="CRe4_468_469_470_471_472" time="24.620" classname="com.create4.execution.Admin_anuncmnt_dashb_TS_114"/>
</testsuite> <!-- com.create4.execution.Admin_anuncmnt_dashb_TS_114 -->
