<?xml version="1.0" encoding="UTF-8"?>
<!-- Generated by org.testng.reporters.JUnitReportReporter -->
<testsuite skipped="0" hostname="pushpa-PC" name="com.create4.execution.MulSubdraft_Onetoadmin_TS_61" tests="1" failures="0" timestamp="20 Apr 2018 05:32:44 GMT" time="339.345" errors="0">
  <testcase name="subsave" time="339.345" classname="com.create4.execution.MulSubdraft_Onetoadmin_TS_61"/>
</testsuite> <!-- com.create4.execution.MulSubdraft_Onetoadmin_TS_61 -->
