<?xml version="1.0" encoding="UTF-8"?>
<!-- Generated by org.testng.reporters.JUnitReportReporter -->
<testsuite skipped="0" hostname="pushpa-PC" name="com.create4.execution.PI_profile_update_TS_136" tests="1" failures="0" timestamp="18 Apr 2018 15:21:22 GMT" time="27.272" errors="0">
  <testcase name="CRe4_686" time="27.272" classname="com.create4.execution.PI_profile_update_TS_136"/>
</testsuite> <!-- com.create4.execution.PI_profile_update_TS_136 -->
