<?xml version="1.0" encoding="UTF-8"?>
<!-- Generated by org.testng.reporters.JUnitReportReporter -->
<testsuite skipped="0" hostname="pushpa-PC" name="com.create4.execution.Editproject_AdmintoMS_TS_62" tests="1" failures="0" timestamp="19 Apr 2018 11:24:45 GMT" time="100.837" errors="0">
  <testcase name="Cre462" time="100.837" classname="com.create4.execution.Editproject_AdmintoMS_TS_62"/>
</testsuite> <!-- com.create4.execution.Editproject_AdmintoMS_TS_62 -->
