<?xml version="1.0" encoding="UTF-8"?>
<!-- Generated by org.testng.reporters.JUnitReportReporter -->
<testsuite skipped="0" hostname="pushpa-PC" name="com.create4.execution.Institute_update_in_Admin_TS_03" tests="7" failures="0" timestamp="19 Apr 2018 10:14:22 GMT" time="324.264" errors="0">
  <testcase name="CRe4_847" time="14.068" classname="com.create4.execution.Institute_update_in_Admin_TS_03"/>
  <testcase name="CRe4_853" time="27.049" classname="com.create4.execution.Institute_update_in_Admin_TS_03"/>
  <testcase name="CRe4_846" time="45.598" classname="com.create4.execution.Institute_update_in_Admin_TS_03"/>
  <testcase name="CRe4_848" time="160.390" classname="com.create4.execution.Institute_update_in_Admin_TS_03"/>
  <testcase name="CRe4_849" time="16.630" classname="com.create4.execution.Institute_update_in_Admin_TS_03"/>
  <testcase name="CRe4_851_852" time="32.275" classname="com.create4.execution.Institute_update_in_Admin_TS_03"/>
  <testcase name="CRe4_850" time="28.254" classname="com.create4.execution.Institute_update_in_Admin_TS_03"/>
</testsuite> <!-- com.create4.execution.Institute_update_in_Admin_TS_03 -->
