<?xml version="1.0" encoding="UTF-8"?>
<!-- Generated by org.testng.reporters.JUnitReportReporter -->
<testsuite skipped="0" hostname="pushpa-PC" name="com.create4.execution.TS_23_Ethic_search" tests="4" failures="0" timestamp="16 Aug 2018 13:34:40 GMT" time="59.639" errors="0">
  <testcase name="CRe4_1056" time="14.134" classname="com.create4.execution.TS_23_Ethic_search"/>
  <testcase name="CRe4_1057" time="14.338" classname="com.create4.execution.TS_23_Ethic_search"/>
  <testcase name="CRe4_1058" time="15.590" classname="com.create4.execution.TS_23_Ethic_search"/>
  <testcase name="CRe4_1059" time="15.577" classname="com.create4.execution.TS_23_Ethic_search"/>
</testsuite> <!-- com.create4.execution.TS_23_Ethic_search -->
