<?xml version="1.0" encoding="UTF-8"?>
<!-- Generated by org.testng.reporters.JUnitReportReporter -->
<testsuite skipped="0" hostname="pushpa-PC" name="com.create4.execution.Login_Page_in_Institute_Home_Page_TS_02B" tests="4" failures="0" timestamp="18 Apr 2018 15:21:22 GMT" time="55.997" errors="0">
  <testcase name="CRe4_103_104_109" time="21.368" classname="com.create4.execution.Login_Page_in_Institute_Home_Page_TS_02B"/>
  <testcase name="CRe4_101_102" time="15.308" classname="com.create4.execution.Login_Page_in_Institute_Home_Page_TS_02B"/>
  <testcase name="CRe4_108" time="12.027" classname="com.create4.execution.Login_Page_in_Institute_Home_Page_TS_02B"/>
  <testcase name="CRe4_111" time="7.294" classname="com.create4.execution.Login_Page_in_Institute_Home_Page_TS_02B"/>
</testsuite> <!-- com.create4.execution.Login_Page_in_Institute_Home_Page_TS_02B -->
