<?xml version="1.0" encoding="UTF-8"?>
<!-- Generated by org.testng.reporters.JUnitReportReporter -->
<testsuite skipped="0" hostname="pushpa-PC" name="com.create4.execution.Reviewtype_chnge_TS_150" tests="3" failures="0" timestamp="17 Apr 2018 09:49:24 GMT" time="277.106" errors="0">
  <testcase name="CRe4_2033_37_38" time="60.536" classname="com.create4.execution.Reviewtype_chnge_TS_150"/>
  <testcase name="CRe4_2077_2078_2079" time="71.733" classname="com.create4.execution.Reviewtype_chnge_TS_150"/>
  <testcase name="CRe4_2032" time="144.837" classname="com.create4.execution.Reviewtype_chnge_TS_150"/>
</testsuite> <!-- com.create4.execution.Reviewtype_chnge_TS_150 -->
