<?xml version="1.0" encoding="UTF-8"?>
<!-- Generated by org.testng.reporters.JUnitReportReporter -->
<testsuite skipped="0" hostname="pushpa-PC" name="com.create4.execution.TS_63_Exp_data" tests="1" failures="0" timestamp="08 May 2018 10:45:24 GMT" time="22.484" errors="0">
  <testcase name="Cre463" time="22.484" classname="com.create4.execution.TS_63_Exp_data"/>
</testsuite> <!-- com.create4.execution.TS_63_Exp_data -->
