<?xml version="1.0" encoding="UTF-8"?>
<!-- Generated by org.testng.reporters.JUnitReportReporter -->
<testsuite skipped="0" hostname="pushpa-PC" name="com.create4.execution.TS_125_Studyteammem_add" tests="5" failures="0" timestamp="18 Jul 2018 06:10:18 GMT" time="189.619" errors="0">
  <testcase name="CRe4_577" time="30.551" classname="com.create4.execution.TS_125_Studyteammem_add"/>
  <testcase name="CRe4_576" time="27.031" classname="com.create4.execution.TS_125_Studyteammem_add"/>
  <testcase name="CRe4_565_566_567_568_569" time="65.224" classname="com.create4.execution.TS_125_Studyteammem_add"/>
  <testcase name="CRe4_580" time="38.115" classname="com.create4.execution.TS_125_Studyteammem_add"/>
  <testcase name="CRe4_575" time="28.698" classname="com.create4.execution.TS_125_Studyteammem_add"/>
</testsuite> <!-- com.create4.execution.TS_125_Studyteammem_add -->
