<?xml version="1.0" encoding="UTF-8"?>
<!-- Generated by org.testng.reporters.JUnitReportReporter -->
<testsuite skipped="0" hostname="pushpa-PC" name="com.create4.execution.PI_dwnld_annexure_TS_174" tests="1" failures="0" timestamp="17 Apr 2018 09:49:24 GMT" time="72.355" errors="0">
  <testcase name="CRe4_2021_2022_2023_2024" time="72.355" classname="com.create4.execution.PI_dwnld_annexure_TS_174"/>
</testsuite> <!-- com.create4.execution.PI_dwnld_annexure_TS_174 -->
