<?xml version="1.0" encoding="UTF-8"?>
<!-- Generated by org.testng.reporters.JUnitReportReporter -->
<testsuite skipped="0" hostname="pushpa-PC" name="com.create4.execution.TS_11A_External_Update" tests="5" failures="0" timestamp="16 Aug 2018 13:34:40 GMT" time="118.480" errors="0">
  <testcase name="CRe4_905" time="22.906" classname="com.create4.execution.TS_11A_External_Update"/>
  <testcase name="CRe4_904" time="21.444" classname="com.create4.execution.TS_11A_External_Update"/>
  <testcase name="CRe4_901" time="23.279" classname="com.create4.execution.TS_11A_External_Update"/>
  <testcase name="CRe4_902" time="20.835" classname="com.create4.execution.TS_11A_External_Update"/>
  <testcase name="CRe4_903" time="30.016" classname="com.create4.execution.TS_11A_External_Update"/>
</testsuite> <!-- com.create4.execution.TS_11A_External_Update -->
