<?xml version="1.0" encoding="UTF-8"?>
<!-- Generated by org.testng.reporters.JUnitReportReporter -->
<testsuite skipped="0" hostname="pushpa-PC" name="com.create4.execution.PI_prjctnotif_dashb_TS_107" tests="1" failures="0" timestamp="20 Apr 2018 09:19:56 GMT" time="274.424" errors="0">
  <testcase name="CRe4_405_406_407" time="274.424" classname="com.create4.execution.PI_prjctnotif_dashb_TS_107"/>
</testsuite> <!-- com.create4.execution.PI_prjctnotif_dashb_TS_107 -->
