<?xml version="1.0" encoding="UTF-8"?>
<!-- Generated by org.testng.reporters.JUnitReportReporter -->
<testsuite skipped="0" hostname="pushpa-PC" name="com.create4.execution.Annexures_add_TS_30" tests="4" failures="0" timestamp="17 Apr 2018 09:49:24 GMT" time="65.931" errors="0">
  <testcase name="CRe4_1113__1116_1122" time="19.084" classname="com.create4.execution.Annexures_add_TS_30"/>
  <testcase name="CRe4_1121" time="16.002" classname="com.create4.execution.Annexures_add_TS_30"/>
  <testcase name="CRe4_1111" time="16.345" classname="com.create4.execution.Annexures_add_TS_30"/>
  <testcase name="CRe4_1109" time="14.500" classname="com.create4.execution.Annexures_add_TS_30"/>
</testsuite> <!-- com.create4.execution.Annexures_add_TS_30 -->
