<?xml version="1.0" encoding="UTF-8"?>
<!-- Generated by org.testng.reporters.JUnitReportReporter -->
<testsuite skipped="0" hostname="pushpa-PC" name="com.create4.execution.Admin_ongng_dashb_TS_110" tests="1" failures="0" timestamp="20 Apr 2018 09:19:56 GMT" time="2703.394" errors="0">
  <testcase name="CRe4_430_to_448" time="2703.394" classname="com.create4.execution.Admin_ongng_dashb_TS_110"/>
</testsuite> <!-- com.create4.execution.Admin_ongng_dashb_TS_110 -->
