<?xml version="1.0" encoding="UTF-8"?>
<!-- Generated by org.testng.reporters.JUnitReportReporter -->
<testsuite skipped="0" hostname="Rajitha" name="com.create4.execution.Amend_sub_flow_TS_157" tests="1" failures="0" timestamp="27 Mar 2018 13:26:32 GMT" time="32.767" errors="0">
  <testcase name="CRe4_2108" time="32.767" classname="com.create4.execution.Amend_sub_flow_TS_157"/>
</testsuite> <!-- com.create4.execution.Amend_sub_flow_TS_157 -->
