<?xml version="1.0" encoding="UTF-8"?>
<!-- Generated by org.testng.reporters.JUnitReportReporter -->
<testsuite skipped="0" hostname="pushpa-PC" name="com.create4.execution.Admin_upcmngmtng_dashb_TS_111" tests="1" failures="0" timestamp="20 Apr 2018 09:19:56 GMT" time="95.985" errors="0">
  <testcase name="CRe4_449_450_451_452_453_454" time="95.985" classname="com.create4.execution.Admin_upcmngmtng_dashb_TS_111"/>
</testsuite> <!-- com.create4.execution.Admin_upcmngmtng_dashb_TS_111 -->
