<?xml version="1.0" encoding="UTF-8"?>
<!-- Generated by org.testng.reporters.JUnitReportReporter -->
<testsuite skipped="0" hostname="pushpa-PC" name="com.create4.execution.TS_136_PI_profile_update" tests="5" failures="0" timestamp="17 Jul 2018 13:26:00 GMT" time="132.239" errors="0">
  <testcase name="CRe4_687" time="37.636" classname="com.create4.execution.TS_136_PI_profile_update"/>
  <testcase name="CRe4_686_a" time="18.290" classname="com.create4.execution.TS_136_PI_profile_update"/>
  <testcase name="CRe4_686" time="28.038" classname="com.create4.execution.TS_136_PI_profile_update"/>
  <testcase name="CRe4_684" time="33.632" classname="com.create4.execution.TS_136_PI_profile_update"/>
  <testcase name="CRe4_697_698_699_700_701_702_703_704_705" time="14.643" classname="com.create4.execution.TS_136_PI_profile_update"/>
</testsuite> <!-- com.create4.execution.TS_136_PI_profile_update -->
