<?xml version="1.0" encoding="UTF-8"?>
<!-- Generated by org.testng.reporters.JUnitReportReporter -->
<testsuite skipped="0" hostname="pushpa-PC" name="com.create4.execution.MS_annexures_dashb_TS_119" tests="1" failures="0" timestamp="17 Apr 2018 09:49:24 GMT" time="60.723" errors="0">
  <testcase name="CRe4_516" time="60.723" classname="com.create4.execution.MS_annexures_dashb_TS_119"/>
</testsuite> <!-- com.create4.execution.MS_annexures_dashb_TS_119 -->
