<?xml version="1.0" encoding="UTF-8"?>
<!-- Generated by org.testng.reporters.JUnitReportReporter -->
<testsuite skipped="0" hostname="pushpa-PC" name="com.create4.execution.CP_annexures_dashb_TS_124" tests="1" failures="0" timestamp="17 Apr 2018 09:49:24 GMT" time="62.274" errors="0">
  <testcase name="CRe4_562_564" time="62.274" classname="com.create4.execution.CP_annexures_dashb_TS_124"/>
</testsuite> <!-- com.create4.execution.CP_annexures_dashb_TS_124 -->
