<?xml version="1.0" encoding="UTF-8"?>
<!-- Generated by org.testng.reporters.JUnitReportReporter -->
<testsuite skipped="0" hostname="pushpa-PC" name="com.create4.execution.TS_146_Prjct_submit_form_details" tests="1" failures="0" timestamp="18 Jul 2018 06:53:09 GMT" time="76.122" errors="0">
  <testcase name="CRe4_1989_1991_1992" time="76.122" classname="com.create4.execution.TS_146_Prjct_submit_form_details"/>
</testsuite> <!-- com.create4.execution.TS_146_Prjct_submit_form_details -->
