<?xml version="1.0" encoding="UTF-8"?>
<!-- Generated by org.testng.reporters.JUnitReportReporter -->
<testsuite skipped="0" hostname="pushpa-PC" name="com.create4.execution.TS_39_PI_menu" tests="1" failures="0" timestamp="17 Jul 2018 07:37:55 GMT" time="16.001" errors="0">
  <testcase name="CRe4_1204" time="16.001" classname="com.create4.execution.TS_39_PI_menu"/>
</testsuite> <!-- com.create4.execution.TS_39_PI_menu -->
