<?xml version="1.0" encoding="UTF-8"?>
<!-- Generated by org.testng.reporters.JUnitReportReporter -->
<testsuite skipped="0" hostname="pushpa-PC" name="com.create4.execution.Saefollow_queryreply_TS_184" tests="8" failures="0" timestamp="17 Apr 2018 20:24:57 GMT" time="4221.413" errors="0">
  <testcase name="CRe4_1797_1798_1790" time="542.316" classname="com.create4.execution.Saefollow_queryreply_TS_184"/>
  <testcase name="CRe4_1787_1788_1789" time="535.095" classname="com.create4.execution.Saefollow_queryreply_TS_184"/>
  <testcase name="CRe4_1772_1773_1774" time="531.492" classname="com.create4.execution.Saefollow_queryreply_TS_184"/>
  <testcase name="CRe4_1802_1803_1804" time="519.812" classname="com.create4.execution.Saefollow_queryreply_TS_184"/>
  <testcase name="CRe4_1762_1763_1764" time="523.226" classname="com.create4.execution.Saefollow_queryreply_TS_184"/>
  <testcase name="CRe4_1782_1783_1784" time="513.325" classname="com.create4.execution.Saefollow_queryreply_TS_184"/>
  <testcase name="CRe4_1777_1778_1779" time="537.325" classname="com.create4.execution.Saefollow_queryreply_TS_184"/>
  <testcase name="CRe4_1792_1793_1794" time="518.822" classname="com.create4.execution.Saefollow_queryreply_TS_184"/>
</testsuite> <!-- com.create4.execution.Saefollow_queryreply_TS_184 -->
