<?xml version="1.0" encoding="UTF-8"?>
<!-- Generated by org.testng.reporters.JUnitReportReporter -->
<testsuite skipped="0" hostname="pushpa-PC" name="com.create4.execution.Term_queryreply_TS_182" tests="8" failures="0" timestamp="17 Apr 2018 20:24:57 GMT" time="4370.068" errors="0">
  <testcase name="CRe4_1634_1635_1636" time="533.759" classname="com.create4.execution.Term_queryreply_TS_182"/>
  <testcase name="CRe4_1649_1650_1651" time="548.975" classname="com.create4.execution.Term_queryreply_TS_182"/>
  <testcase name="CRe4_1664_1665_1666" time="536.356" classname="com.create4.execution.Term_queryreply_TS_182"/>
  <testcase name="CRe4_1659_1660_1661" time="561.535" classname="com.create4.execution.Term_queryreply_TS_182"/>
  <testcase name="CRe4_1624_1625_1626" time="563.287" classname="com.create4.execution.Term_queryreply_TS_182"/>
  <testcase name="CRe4_1644_1645_1646" time="533.433" classname="com.create4.execution.Term_queryreply_TS_182"/>
  <testcase name="CRe4_1639_1640_1641" time="550.474" classname="com.create4.execution.Term_queryreply_TS_182"/>
  <testcase name="CRe4_1654_1655_1656" time="542.249" classname="com.create4.execution.Term_queryreply_TS_182"/>
</testsuite> <!-- com.create4.execution.Term_queryreply_TS_182 -->
