<?xml version="1.0" encoding="UTF-8"?>
<!-- Generated by org.testng.reporters.JUnitReportReporter -->
<testsuite skipped="0" hostname="pushpa-PC" name="com.create4.execution.Allsubsequent_msletter_TS_179" tests="1" failures="0" timestamp="20 Apr 2018 05:32:44 GMT" time="584.419" errors="0">
  <testcase name="CRe4179" time="584.419" classname="com.create4.execution.Allsubsequent_msletter_TS_179"/>
</testsuite> <!-- com.create4.execution.Allsubsequent_msletter_TS_179 -->
