<?xml version="1.0" encoding="UTF-8"?>
<!-- Generated by org.testng.reporters.JUnitReportReporter -->
<testsuite skipped="0" hostname="pushpa-PC" name="com.create4.execution.TS_64_Documenttypes" tests="1" failures="0" timestamp="15 May 2018 11:53:36 GMT" time="101.246" errors="0">
  <testcase name="CRe4_64" time="101.246" classname="com.create4.execution.TS_64_Documenttypes"/>
</testsuite> <!-- com.create4.execution.TS_64_Documenttypes -->
