<?xml version="1.0" encoding="UTF-8"?>
<!-- Generated by org.testng.reporters.JUnitReportReporter -->
<testsuite skipped="0" hostname="Rajitha" name="com.create4.execution.Dept_add_TS_12A" tests="2" failures="0" timestamp="09 Mar 2018 15:30:54 GMT" time="95.747" errors="0">
  <testcase name="CRe4_917_18_19_10" time="53.903" classname="com.create4.execution.Dept_add_TS_12A"/>
  <testcase name="CRe4_920" time="41.844" classname="com.create4.execution.Dept_add_TS_12A"/>
</testsuite> <!-- com.create4.execution.Dept_add_TS_12A -->
