<?xml version="1.0" encoding="UTF-8"?>
<!-- Generated by org.testng.reporters.JUnitReportReporter -->
<testsuite skipped="0" hostname="Rajitha" name="com.create4.execution.Int_docstat_msdcsn_TS_81" tests="1" failures="0" timestamp="02 Apr 2018 18:42:53 GMT" time="144.715" errors="0">
  <testcase name="CRe4_1213_to_1220" time="144.715" classname="com.create4.execution.Int_docstat_msdcsn_TS_81"/>
</testsuite> <!-- com.create4.execution.Int_docstat_msdcsn_TS_81 -->
