<?xml version="1.0" encoding="UTF-8"?>
<!-- Generated by org.testng.reporters.JUnitReportReporter -->
<testsuite skipped="0" hostname="pushpa-PC" name="com.create4.execution.Prjct_summary_validation_TS_147" tests="10" failures="0" timestamp="17 Apr 2018 09:49:24 GMT" time="197.509" errors="0">
  <testcase name="CRe4_2006" time="21.501" classname="com.create4.execution.Prjct_summary_validation_TS_147"/>
  <testcase name="CRe4_2002" time="17.496" classname="com.create4.execution.Prjct_summary_validation_TS_147"/>
  <testcase name="CRe4_2010_2013" time="19.709" classname="com.create4.execution.Prjct_summary_validation_TS_147"/>
  <testcase name="CRe4_1993" time="15.512" classname="com.create4.execution.Prjct_summary_validation_TS_147"/>
  <testcase name="CRe4_2001" time="15.944" classname="com.create4.execution.Prjct_summary_validation_TS_147"/>
  <testcase name="CRe4_1996" time="15.117" classname="com.create4.execution.Prjct_summary_validation_TS_147"/>
  <testcase name="CRe4_1997" time="26.415" classname="com.create4.execution.Prjct_summary_validation_TS_147"/>
  <testcase name="CRe4_1998" time="22.701" classname="com.create4.execution.Prjct_summary_validation_TS_147"/>
  <testcase name="CRe4_2003" time="20.840" classname="com.create4.execution.Prjct_summary_validation_TS_147"/>
  <testcase name="CRe4_2007" time="22.274" classname="com.create4.execution.Prjct_summary_validation_TS_147"/>
</testsuite> <!-- com.create4.execution.Prjct_summary_validation_TS_147 -->
