<?xml version="1.0" encoding="UTF-8"?>
<!-- Generated by org.testng.reporters.JUnitReportReporter -->
<testsuite skipped="0" hostname="pushpa-PC" name="com.create4.execution.TS_26_Manage_Registration_Requests" tests="3" failures="0" timestamp="17 Jul 2018 07:15:44 GMT" time="365.261" errors="0">
  <testcase name="Register_CRe4_64_65" time="157.456" classname="com.create4.execution.TS_26_Manage_Registration_Requests"/>
  <testcase name="Register_CRe4_58_59_60_61" time="15.152" classname="com.create4.execution.TS_26_Manage_Registration_Requests"/>
  <testcase name="Register_CRe4_70_71_72_73_74" time="192.653" classname="com.create4.execution.TS_26_Manage_Registration_Requests"/>
</testsuite> <!-- com.create4.execution.TS_26_Manage_Registration_Requests -->
