<?xml version="1.0" encoding="UTF-8"?>
<!-- Generated by org.testng.reporters.JUnitReportReporter -->
<testsuite skipped="0" hostname="pushpa-PC" name="com.create4.execution.View_Invitee_Requests_TS_38" tests="1" failures="0" timestamp="18 Apr 2018 15:21:22 GMT" time="35.305" errors="0">
  <testcase name="CRe4_1178_1180_1181_1182_1183_1184_1185" time="35.305" classname="com.create4.execution.View_Invitee_Requests_TS_38"/>
</testsuite> <!-- com.create4.execution.View_Invitee_Requests_TS_38 -->
