<?xml version="1.0" encoding="UTF-8"?>
<!-- Generated by org.testng.reporters.JUnitReportReporter -->
<testsuite skipped="0" hostname="pushpa-PC" name="com.create4.execution.TS_90_With_docstat_msdcsn" tests="1" failures="0" timestamp="24 Jul 2018 13:19:19 GMT" time="210.472" errors="0">
  <testcase name="CRe4_1891_94_96_98" time="210.472" classname="com.create4.execution.TS_90_With_docstat_msdcsn"/>
</testsuite> <!-- com.create4.execution.TS_90_With_docstat_msdcsn -->
