<?xml version="1.0" encoding="UTF-8"?>
<!-- Generated by org.testng.reporters.JUnitReportReporter -->
<testsuite skipped="0" hostname="pushpa-PC" name="com.create4.execution.CP_ongng_dashb_TS_121" tests="1" failures="0" timestamp="20 Apr 2018 09:19:56 GMT" time="2956.217" errors="0">
  <testcase name="CRe4_533_to_51" time="2956.217" classname="com.create4.execution.CP_ongng_dashb_TS_121"/>
</testsuite> <!-- com.create4.execution.CP_ongng_dashb_TS_121 -->
