<?xml version="1.0" encoding="UTF-8"?>
<!-- Generated by org.testng.reporters.JUnitReportReporter -->
<testsuite skipped="0" hostname="pushpa-PC" name="com.create4.execution.Annexures_Update_TS_33" tests="3" failures="0" timestamp="17 Apr 2018 09:49:24 GMT" time="86.969" errors="0">
  <testcase name="CRe4_1133" time="39.051" classname="com.create4.execution.Annexures_Update_TS_33"/>
  <testcase name="CRe4_1132" time="21.478" classname="com.create4.execution.Annexures_Update_TS_33"/>
  <testcase name="CRe4_1134_1135" time="26.440" classname="com.create4.execution.Annexures_Update_TS_33"/>
</testsuite> <!-- com.create4.execution.Annexures_Update_TS_33 -->
