<?xml version="1.0" encoding="UTF-8"?>
<!-- Generated by org.testng.reporters.JUnitReportReporter -->
<testsuite skipped="0" hostname="pushpa-PC" name="com.create4.execution.Chngepwd_fnctnlty_TS_94" tests="2" failures="0" timestamp="17 Apr 2018 09:49:24 GMT" time="181.329" errors="0">
  <testcase name="CRe4_728_729_730_733_734" time="159.853" classname="com.create4.execution.Chngepwd_fnctnlty_TS_94"/>
  <testcase name="CRe4_731_732" time="21.476" classname="com.create4.execution.Chngepwd_fnctnlty_TS_94"/>
</testsuite> <!-- com.create4.execution.Chngepwd_fnctnlty_TS_94 -->
