<?xml version="1.0" encoding="UTF-8"?>
<!-- Generated by org.testng.reporters.JUnitReportReporter -->
<testsuite skipped="0" hostname="pushpa-PC" name="com.create4.execution.Prjctsub_as_stdyteammem_TS_156" tests="1" failures="0" timestamp="17 Apr 2018 09:49:24 GMT" time="221.683" errors="0">
  <testcase name="CRe4_2104" time="221.683" classname="com.create4.execution.Prjctsub_as_stdyteammem_TS_156"/>
</testsuite> <!-- com.create4.execution.Prjctsub_as_stdyteammem_TS_156 -->
