<?xml version="1.0" encoding="UTF-8"?>
<!-- Generated by org.testng.reporters.JUnitReportReporter -->
<testsuite skipped="0" hostname="pushpa-PC" name="com.create4.execution.TS_121_CP_ongng_dashb" tests="1" failures="0" timestamp="23 Apr 2018 17:02:31 GMT" time="2997.087" errors="0">
  <testcase name="CRe4_533_to_51" time="2997.087" classname="com.create4.execution.TS_121_CP_ongng_dashb"/>
</testsuite> <!-- com.create4.execution.TS_121_CP_ongng_dashb -->
