<?xml version="1.0" encoding="UTF-8"?>
<!-- Generated by org.testng.reporters.JUnitReportReporter -->
<testsuite skipped="0" hostname="pushpa-PC" name="com.create4.execution.TS_127_ApplyPI_4studyteam" tests="1" failures="0" timestamp="18 Jul 2018 07:34:57 GMT" time="20.902" errors="0">
  <testcase name="CRe4_591_592_593" time="20.902" classname="com.create4.execution.TS_127_ApplyPI_4studyteam"/>
</testsuite> <!-- com.create4.execution.TS_127_ApplyPI_4studyteam -->
