<?xml version="1.0" encoding="UTF-8"?>
<!-- Generated by org.testng.reporters.JUnitReportReporter -->
<testsuite skipped="0" hostname="pushpa-PC" name="com.create4.execution.TS_139_Investigator_mail" tests="1" failures="0" timestamp="18 Jul 2018 06:51:32 GMT" time="212.652" errors="0">
  <testcase name="CRe4_138" time="212.652" classname="com.create4.execution.TS_139_Investigator_mail"/>
</testsuite> <!-- com.create4.execution.TS_139_Investigator_mail -->
