<?xml version="1.0" encoding="UTF-8"?>
<!-- Generated by org.testng.reporters.JUnitReportReporter -->
<testsuite skipped="0" hostname="pushpa-PC" name="com.create4.execution.Home_Page_Details_TS_02" tests="6" failures="0" timestamp="18 Apr 2018 15:21:22 GMT" time="164.959" errors="0">
  <testcase name="CRe4_09" time="29.420" classname="com.create4.execution.Home_Page_Details_TS_02"/>
  <testcase name="CRe4_06" time="30.324" classname="com.create4.execution.Home_Page_Details_TS_02"/>
  <testcase name="CRe4_01_02_03_08_10_11" time="17.437" classname="com.create4.execution.Home_Page_Details_TS_02"/>
  <testcase name="CRe4_05" time="29.360" classname="com.create4.execution.Home_Page_Details_TS_02"/>
  <testcase name="CRe4_10" time="28.344" classname="com.create4.execution.Home_Page_Details_TS_02"/>
  <testcase name="CRe4_04" time="30.074" classname="com.create4.execution.Home_Page_Details_TS_02"/>
</testsuite> <!-- com.create4.execution.Home_Page_Details_TS_02 -->
