<?xml version="1.0" encoding="UTF-8"?>
<!-- Generated by org.testng.reporters.JUnitReportReporter -->
<testsuite skipped="0" hostname="pushpa-PC" name="com.create4.execution.TS_01_Institute_Creation" tests="9" failures="0" timestamp="31 Jul 2018 06:21:20 GMT" time="215.893" errors="0">
  <testcase name="CRe4_789" time="25.344" classname="com.create4.execution.TS_01_Institute_Creation"/>
  <testcase name="CRe4_797" time="19.520" classname="com.create4.execution.TS_01_Institute_Creation"/>
  <testcase name="CRe4_800" time="40.771" classname="com.create4.execution.TS_01_Institute_Creation"/>
  <testcase name="CRe4_791_792_793_794_795_801_A" time="31.190" classname="com.create4.execution.TS_01_Institute_Creation"/>
  <testcase name="CRe4_796" time="19.693" classname="com.create4.execution.TS_01_Institute_Creation"/>
  <testcase name="CRe4_798" time="19.934" classname="com.create4.execution.TS_01_Institute_Creation"/>
  <testcase name="CRe4_799" time="22.207" classname="com.create4.execution.TS_01_Institute_Creation"/>
  <testcase name="CRe4_790" time="17.488" classname="com.create4.execution.TS_01_Institute_Creation"/>
  <testcase name="CRe4_801" time="19.746" classname="com.create4.execution.TS_01_Institute_Creation"/>
</testsuite> <!-- com.create4.execution.TS_01_Institute_Creation -->
