<?xml version="1.0" encoding="UTF-8"?>
<!-- Generated by org.testng.reporters.JUnitReportReporter -->
<testsuite skipped="0" hostname="pushpa-PC" name="com.create4.execution.PI_prjctsumry_dashb_TS_106" tests="1" failures="0" timestamp="20 Apr 2018 09:19:56 GMT" time="1216.794" errors="0">
  <testcase name="CRe4_393_394_395_396_397_398_399_400_401_402_403_404_413" time="1216.794" classname="com.create4.execution.PI_prjctsumry_dashb_TS_106"/>
</testsuite> <!-- com.create4.execution.PI_prjctsumry_dashb_TS_106 -->
