<?xml version="1.0" encoding="UTF-8"?>
<!-- Generated by org.testng.reporters.JUnitReportReporter -->
<testsuite skipped="0" hostname="pushpa-PC" name="com.create4.execution.Admin_invitereq_dashb_TS_113" tests="1" failures="0" timestamp="18 Apr 2018 15:21:22 GMT" time="33.705" errors="0">
  <testcase name="CRe4_462_to_467" time="33.705" classname="com.create4.execution.Admin_invitereq_dashb_TS_113"/>
</testsuite> <!-- com.create4.execution.Admin_invitereq_dashb_TS_113 -->
