<?xml version="1.0" encoding="UTF-8"?>
<!-- Generated by org.testng.reporters.JUnitReportReporter -->
<testsuite skipped="0" hostname="pushpa-PC" name="com.create4.execution.Dev_substat_msdecsn_TS_178" tests="5" failures="0" timestamp="18 Apr 2018 13:15:33 GMT" time="1969.934" errors="0">
  <testcase name="CRe4_1397" time="402.602" classname="com.create4.execution.Dev_substat_msdecsn_TS_178"/>
  <testcase name="CRe4_1412" time="395.507" classname="com.create4.execution.Dev_substat_msdecsn_TS_178"/>
  <testcase name="CRe4_1392" time="388.789" classname="com.create4.execution.Dev_substat_msdecsn_TS_178"/>
  <testcase name="CRe4_1402" time="385.935" classname="com.create4.execution.Dev_substat_msdecsn_TS_178"/>
  <testcase name="CRe4_1407" time="397.101" classname="com.create4.execution.Dev_substat_msdecsn_TS_178"/>
</testsuite> <!-- com.create4.execution.Dev_substat_msdecsn_TS_178 -->
