<?xml version="1.0" encoding="UTF-8"?>
<!-- Generated by org.testng.reporters.JUnitReportReporter -->
<testsuite skipped="0" hostname="pushpa-PC" name="com.create4.execution.Project_list_TS_40" tests="1" failures="0" timestamp="17 Apr 2018 09:49:24 GMT" time="1811.090" errors="0">
  <testcase name="CRe4_1205_1206_1207_1208_1209" time="1811.090" classname="com.create4.execution.Project_list_TS_40"/>
</testsuite> <!-- com.create4.execution.Project_list_TS_40 -->
