<?xml version="1.0" encoding="UTF-8"?>
<!-- Generated by org.testng.reporters.JUnitReportReporter -->
<testsuite skipped="0" hostname="pushpa-PC" name="com.create4.execution.PrjctvitCOI_TS_155" tests="4" failures="0" timestamp="17 Apr 2018 09:49:24 GMT" time="983.297" errors="0">
  <testcase name="CRe4_2085_2086_2087_2088_2089_2090_2091_2093_2094_2095" time="329.160" classname="com.create4.execution.PrjctvitCOI_TS_155"/>
  <testcase name="CRe4_2097_2098_2099_2100_2101" time="231.749" classname="com.create4.execution.PrjctvitCOI_TS_155"/>
  <testcase name="CRe4_2092_2096" time="252.092" classname="com.create4.execution.PrjctvitCOI_TS_155"/>
  <testcase name="CRe4_2102" time="170.296" classname="com.create4.execution.PrjctvitCOI_TS_155"/>
</testsuite> <!-- com.create4.execution.PrjctvitCOI_TS_155 -->
