<?xml version="1.0" encoding="UTF-8"?>
<!-- Generated by org.testng.reporters.JUnitReportReporter -->
<testsuite skipped="0" hostname="pushpa-PC" name="com.create4.execution.Saeother_queryreply_TS_185" tests="1" failures="0" timestamp="17 Apr 2018 20:24:57 GMT" time="512.427" errors="0">
  <testcase name="CRe4_1838_1839_1840_1841_1842" time="512.427" classname="com.create4.execution.Saeother_queryreply_TS_185"/>
</testsuite> <!-- com.create4.execution.Saeother_queryreply_TS_185 -->
