<?xml version="1.0" encoding="UTF-8"?>
<!-- Generated by org.testng.reporters.JUnitReportReporter -->
<testsuite skipped="0" hostname="Rajitha" name="com.create4.execution.Conexp_prjctstatus4_msdcsn_TS_54" tests="4" failures="0" timestamp="02 Apr 2018 18:42:53 GMT" time="1349.522" errors="0">
  <testcase name="CRe4_1453" time="337.149" classname="com.create4.execution.Conexp_prjctstatus4_msdcsn_TS_54"/>
  <testcase name="CRe4_1448" time="338.197" classname="com.create4.execution.Conexp_prjctstatus4_msdcsn_TS_54"/>
  <testcase name="CRe4_1443" time="337.337" classname="com.create4.execution.Conexp_prjctstatus4_msdcsn_TS_54"/>
  <testcase name="CRe4_1458" time="336.839" classname="com.create4.execution.Conexp_prjctstatus4_msdcsn_TS_54"/>
</testsuite> <!-- com.create4.execution.Conexp_prjctstatus4_msdcsn_TS_54 -->
