<?xml version="1.0" encoding="UTF-8"?>
<!-- Generated by org.testng.reporters.JUnitReportReporter -->
<testsuite skipped="0" hostname="pushpa-PC" name="com.create4.execution.Manage_Registration_Requests_TS_26" tests="3" failures="0" timestamp="18 Apr 2018 15:21:22 GMT" time="258.522" errors="0">
  <testcase name="Register_CRe4_64_65" time="101.807" classname="com.create4.execution.Manage_Registration_Requests_TS_26"/>
  <testcase name="Register_CRe4_58_59_60_61" time="14.864" classname="com.create4.execution.Manage_Registration_Requests_TS_26"/>
  <testcase name="Register_CRe4_70_71_72_73_74" time="141.851" classname="com.create4.execution.Manage_Registration_Requests_TS_26"/>
</testsuite> <!-- com.create4.execution.Manage_Registration_Requests_TS_26 -->
