<?xml version="1.0" encoding="UTF-8"?>
<!-- Generated by org.testng.reporters.JUnitReportReporter -->
<testsuite skipped="0" hostname="pushpa-PC" name="com.create4.execution.Prjctsub_docedit_TS_151" tests="1" failures="0" timestamp="17 Apr 2018 09:49:24 GMT" time="91.023" errors="0">
  <testcase name="CRe4_2044_2045_2046_2047_2048_2053_2054" time="91.023" classname="com.create4.execution.Prjctsub_docedit_TS_151"/>
</testsuite> <!-- com.create4.execution.Prjctsub_docedit_TS_151 -->
