<?xml version="1.0" encoding="UTF-8"?>
<!-- Generated by org.testng.reporters.JUnitReportReporter -->
<testsuite skipped="0" hostname="pushpa-PC" name="com.create4.execution.TS_110_Admin_ongng_dashb" tests="1" failures="0" timestamp="23 Apr 2018 17:02:31 GMT" time="2718.383" errors="0">
  <testcase name="CRe4_430_to_448" time="2718.383" classname="com.create4.execution.TS_110_Admin_ongng_dashb"/>
</testsuite> <!-- com.create4.execution.TS_110_Admin_ongng_dashb -->
