<?xml version="1.0" encoding="UTF-8"?>
<!-- Generated by org.testng.reporters.JUnitReportReporter -->
<testsuite skipped="0" hostname="Rajitha" name="com.create4.execution.Intsub_flow_TS_162" tests="5" failures="0" timestamp="02 Apr 2018 18:42:53 GMT" time="902.109" errors="0">
  <testcase name="CRe4_1235" time="185.621" classname="com.create4.execution.Intsub_flow_TS_162"/>
  <testcase name="CRe4_1245" time="173.394" classname="com.create4.execution.Intsub_flow_TS_162"/>
  <testcase name="CRe4_1250" time="172.722" classname="com.create4.execution.Intsub_flow_TS_162"/>
  <testcase name="CRe4_1255" time="199.636" classname="com.create4.execution.Intsub_flow_TS_162"/>
  <testcase name="CRe4_1240" time="170.736" classname="com.create4.execution.Intsub_flow_TS_162"/>
</testsuite> <!-- com.create4.execution.Intsub_flow_TS_162 -->
