<?xml version="1.0" encoding="UTF-8"?>
<!-- Generated by org.testng.reporters.JUnitReportReporter -->
<testsuite skipped="0" hostname="pushpa-PC" name="com.create4.execution.TS_106_PI_prjctsumry_dashb" tests="1" failures="0" timestamp="23 Apr 2018 17:02:31 GMT" time="1254.168" errors="0">
  <testcase name="CRe4_393_394_395_396_397_398_399_400_401_402_403_404_413" time="1254.168" classname="com.create4.execution.TS_106_PI_prjctsumry_dashb"/>
</testsuite> <!-- com.create4.execution.TS_106_PI_prjctsumry_dashb -->
