<?xml version="1.0" encoding="UTF-8"?>
<!-- Generated by org.testng.reporters.JUnitReportReporter -->
<testsuite skipped="0" hostname="pushpa-PC" name="com.create4.execution.Saeint_quryreply_TS_183" tests="8" failures="0" timestamp="17 Apr 2018 20:24:57 GMT" time="4061.143" errors="0">
  <testcase name="CRe4_1698_1699_1670" time="504.740" classname="com.create4.execution.Saeint_quryreply_TS_183"/>
  <testcase name="CRe4_1723_1724_1725" time="498.485" classname="com.create4.execution.Saeint_quryreply_TS_183"/>
  <testcase name="CRe4_1708_1709_1710" time="519.133" classname="com.create4.execution.Saeint_quryreply_TS_183"/>
  <testcase name="CRe4_1703_1704_1705" time="514.699" classname="com.create4.execution.Saeint_quryreply_TS_183"/>
  <testcase name="CRe4_1713_1714_1715" time="509.230" classname="com.create4.execution.Saeint_quryreply_TS_183"/>
  <testcase name="CRe4_1688_1689_1690" time="503.924" classname="com.create4.execution.Saeint_quryreply_TS_183"/>
  <testcase name="CRe4_1718_1719_1720" time="515.615" classname="com.create4.execution.Saeint_quryreply_TS_183"/>
  <testcase name="CRe4_1728_1729_1730" time="495.317" classname="com.create4.execution.Saeint_quryreply_TS_183"/>
</testsuite> <!-- com.create4.execution.Saeint_quryreply_TS_183 -->
