<?xml version="1.0" encoding="UTF-8"?>
<!-- Generated by org.testng.reporters.JUnitReportReporter -->
<testsuite skipped="0" hostname="pushpa-PC" name="com.create4.execution.Prjctdelete_TS_154" tests="1" failures="0" timestamp="17 Apr 2018 09:49:24 GMT" time="176.317" errors="0">
  <testcase name="CRe4_2081_2082" time="176.317" classname="com.create4.execution.Prjctdelete_TS_154"/>
</testsuite> <!-- com.create4.execution.Prjctdelete_TS_154 -->
