<?xml version="1.0" encoding="UTF-8"?>
<!-- Generated by org.testng.reporters.JUnitReportReporter -->
<testsuite skipped="0" hostname="pushpa-PC" name="com.create4.execution.TS_108_PI_anuncmnt_dashb" tests="1" failures="0" timestamp="23 Apr 2018 17:02:31 GMT" time="47.044" errors="0">
  <testcase name="CRe4_408_409_410_411_412" time="47.044" classname="com.create4.execution.TS_108_PI_anuncmnt_dashb"/>
</testsuite> <!-- com.create4.execution.TS_108_PI_anuncmnt_dashb -->
