<?xml version="1.0" encoding="UTF-8"?>
<!-- Generated by org.testng.reporters.JUnitReportReporter -->
<testsuite skipped="0" hostname="pushpa-PC" name="com.create4.execution.TS_10A_External_View" tests="4" failures="0" timestamp="16 Aug 2018 13:34:40 GMT" time="75.344" errors="0">
  <testcase name="CRe4_893" time="14.121" classname="com.create4.execution.TS_10A_External_View"/>
  <testcase name="CRe4_900" time="21.827" classname="com.create4.execution.TS_10A_External_View"/>
  <testcase name="CRe4_899" time="20.500" classname="com.create4.execution.TS_10A_External_View"/>
  <testcase name="CRe4_898" time="18.896" classname="com.create4.execution.TS_10A_External_View"/>
</testsuite> <!-- com.create4.execution.TS_10A_External_View -->
