<?xml version="1.0" encoding="UTF-8"?>
<!-- Generated by org.testng.reporters.JUnitReportReporter -->
<testsuite skipped="0" hostname="Rajitha" name="com.create4.execution.Doctype_search_TS_18" tests="10" failures="0" timestamp="09 Mar 2018 15:30:54 GMT" time="414.071" errors="0">
  <testcase name="CRe4_932_933_934_935_936" time="38.130" classname="com.create4.execution.Doctype_search_TS_18"/>
  <testcase name="CRe4_937" time="40.768" classname="com.create4.execution.Doctype_search_TS_18"/>
  <testcase name="CRe4_938" time="38.929" classname="com.create4.execution.Doctype_search_TS_18"/>
  <testcase name="CRe4_939" time="39.357" classname="com.create4.execution.Doctype_search_TS_18"/>
  <testcase name="CRe4_940" time="41.919" classname="com.create4.execution.Doctype_search_TS_18"/>
  <testcase name="CRe4_941" time="42.577" classname="com.create4.execution.Doctype_search_TS_18"/>
  <testcase name="CRe4_942" time="43.134" classname="com.create4.execution.Doctype_search_TS_18"/>
  <testcase name="CRe4_943" time="39.210" classname="com.create4.execution.Doctype_search_TS_18"/>
  <testcase name="CRe4_944" time="43.721" classname="com.create4.execution.Doctype_search_TS_18"/>
  <testcase name="CRe4_945" time="46.326" classname="com.create4.execution.Doctype_search_TS_18"/>
</testsuite> <!-- com.create4.execution.Doctype_search_TS_18 -->
