<?xml version="1.0" encoding="UTF-8"?>
<!-- Generated by org.testng.reporters.JUnitReportReporter -->
<testsuite skipped="0" hostname="Rajitha" name="SamplePackage.UrlLaunching" tests="1" failures="0" timestamp="22 Feb 2018 06:12:43 GMT" time="14.996" errors="0">
  <testcase name="GoogleLaunch" time="14.996" classname="SamplePackage.UrlLaunching"/>
</testsuite> <!-- SamplePackage.UrlLaunching -->
